Started by user [8mha:////4PfJkzFeD+LspANPtLXJ4mc8La13JMDut1s8F2wJN6z4AAAAkx+LCAAAAAAAAP9b85aBtbiIQTGjNKU4P08vOT+vOD8nVc83PyU1x6OyILUoJzMv2y+/JJUBAhiZGBgqihhk0NSjKDWzXb3RdlLBUSYGJk8GtpzUvPSSDB8G5tKinBIGIZ+sxLJE/ZzEvHT94JKizLx0a6BxUmjGOUNodHsLgAyWEgYu/dLi1CIwAQDYegtJvwAAAA==[0muser
Running as SYSTEM
Building on master in workspace D:\autotest\jenkins\workspace\Hard
[Hard] $ cmd /c call C:\WINDOWS\TEMP\jenkins515604687903913294.bat

D:\autotest\jenkins\workspace\Hard>ECHO Hello pidar  1>file.txt 

D:\autotest\jenkins\workspace\Hard>exit 0 
Recording test results
ERROR: Step ‘Publish JUnit test result report’ aborted due to exception: 
org.dom4j.DocumentException: Error on line 1 of document  : Content is not allowed in prolog. Nested exception: Content is not allowed in prolog.
	at org.dom4j.io.SAXReader.read(SAXReader.java:482)
	at org.dom4j.io.SAXReader.read(SAXReader.java:343)
	at hudson.tasks.junit.SuiteResult.parse(SuiteResult.java:178)
	at hudson.tasks.junit.TestResult.parse(TestResult.java:348)
	at hudson.tasks.junit.TestResult.parsePossiblyEmpty(TestResult.java:281)
	at hudson.tasks.junit.TestResult.parse(TestResult.java:206)
	at hudson.tasks.junit.TestResult.parse(TestResult.java:178)
	at hudson.tasks.junit.TestResult.<init>(TestResult.java:143)
	at hudson.tasks.junit.JUnitParser$ParseResultCallable.invoke(JUnitParser.java:146)
	at hudson.tasks.junit.JUnitParser$ParseResultCallable.invoke(JUnitParser.java:118)
	at hudson.FilePath.act(FilePath.java:1078)
	at hudson.FilePath.act(FilePath.java:1061)
	at hudson.tasks.junit.JUnitParser.parseResult(JUnitParser.java:114)
	at hudson.tasks.junit.JUnitResultArchiver.parse(JUnitResultArchiver.java:137)
	at hudson.tasks.junit.JUnitResultArchiver.parseAndAttach(JUnitResultArchiver.java:167)
	at hudson.tasks.junit.JUnitResultArchiver.perform(JUnitResultArchiver.java:154)
	at hudson.tasks.BuildStepCompatibilityLayer.perform(BuildStepCompatibilityLayer.java:79)
	at hudson.tasks.BuildStepMonitor$1.perform(BuildStepMonitor.java:20)
	at hudson.model.AbstractBuild$AbstractBuildExecution.perform(AbstractBuild.java:741)
	at hudson.model.AbstractBuild$AbstractBuildExecution.performAllBuildSteps(AbstractBuild.java:690)
	at hudson.model.Build$BuildExecution.post2(Build.java:186)
	at hudson.model.AbstractBuild$AbstractBuildExecution.post(AbstractBuild.java:635)
	at hudson.model.Run.execute(Run.java:1840)
	at hudson.model.FreeStyleBuild.run(FreeStyleBuild.java:43)
	at hudson.model.ResourceController.execute(ResourceController.java:97)
	at hudson.model.Executor.run(Executor.java:429)
Caused by: org.xml.sax.SAXParseException; lineNumber: 1; columnNumber: 1; Content is not allowed in prolog.
	at com.sun.org.apache.xerces.internal.util.ErrorHandlerWrapper.createSAXParseException(Unknown Source)
	at com.sun.org.apache.xerces.internal.util.ErrorHandlerWrapper.fatalError(Unknown Source)
	at com.sun.org.apache.xerces.internal.impl.XMLErrorReporter.reportError(Unknown Source)
	at com.sun.org.apache.xerces.internal.impl.XMLErrorReporter.reportError(Unknown Source)
	at com.sun.org.apache.xerces.internal.impl.XMLScanner.reportFatalError(Unknown Source)
	at com.sun.org.apache.xerces.internal.impl.XMLDocumentScannerImpl$PrologDriver.next(Unknown Source)
	at com.sun.org.apache.xerces.internal.impl.XMLDocumentScannerImpl.next(Unknown Source)
	at com.sun.org.apache.xerces.internal.impl.XMLNSDocumentScannerImpl.next(Unknown Source)
	at com.sun.org.apache.xerces.internal.impl.XMLDocumentFragmentScannerImpl.scanDocument(Unknown Source)
	at com.sun.org.apache.xerces.internal.parsers.XML11Configuration.parse(Unknown Source)
	at com.sun.org.apache.xerces.internal.parsers.XML11Configuration.parse(Unknown Source)
	at com.sun.org.apache.xerces.internal.parsers.XMLParser.parse(Unknown Source)
	at com.sun.org.apache.xerces.internal.parsers.AbstractSAXParser.parse(Unknown Source)
	at com.sun.org.apache.xerces.internal.jaxp.SAXParserImpl$JAXPSAXParser.parse(Unknown Source)
	at org.dom4j.io.SAXReader.read(SAXReader.java:465)
	... 25 more
Nested exception: 
org.xml.sax.SAXParseException; lineNumber: 1; columnNumber: 1; Content is not allowed in prolog.
	at com.sun.org.apache.xerces.internal.util.ErrorHandlerWrapper.createSAXParseException(Unknown Source)
	at com.sun.org.apache.xerces.internal.util.ErrorHandlerWrapper.fatalError(Unknown Source)
	at com.sun.org.apache.xerces.internal.impl.XMLErrorReporter.reportError(Unknown Source)
	at com.sun.org.apache.xerces.internal.impl.XMLErrorReporter.reportError(Unknown Source)
	at com.sun.org.apache.xerces.internal.impl.XMLScanner.reportFatalError(Unknown Source)
	at com.sun.org.apache.xerces.internal.impl.XMLDocumentScannerImpl$PrologDriver.next(Unknown Source)
	at com.sun.org.apache.xerces.internal.impl.XMLDocumentScannerImpl.next(Unknown Source)
	at com.sun.org.apache.xerces.internal.impl.XMLNSDocumentScannerImpl.next(Unknown Source)
	at com.sun.org.apache.xerces.internal.impl.XMLDocumentFragmentScannerImpl.scanDocument(Unknown Source)
	at com.sun.org.apache.xerces.internal.parsers.XML11Configuration.parse(Unknown Source)
	at com.sun.org.apache.xerces.internal.parsers.XML11Configuration.parse(Unknown Source)
	at com.sun.org.apache.xerces.internal.parsers.XMLParser.parse(Unknown Source)
	at com.sun.org.apache.xerces.internal.parsers.AbstractSAXParser.parse(Unknown Source)
	at com.sun.org.apache.xerces.internal.jaxp.SAXParserImpl$JAXPSAXParser.parse(Unknown Source)
	at org.dom4j.io.SAXReader.read(SAXReader.java:465)
	at org.dom4j.io.SAXReader.read(SAXReader.java:343)
	at hudson.tasks.junit.SuiteResult.parse(SuiteResult.java:178)
	at hudson.tasks.junit.TestResult.parse(TestResult.java:348)
	at hudson.tasks.junit.TestResult.parsePossiblyEmpty(TestResult.java:281)
	at hudson.tasks.junit.TestResult.parse(TestResult.java:206)
	at hudson.tasks.junit.TestResult.parse(TestResult.java:178)
	at hudson.tasks.junit.TestResult.<init>(TestResult.java:143)
	at hudson.tasks.junit.JUnitParser$ParseResultCallable.invoke(JUnitParser.java:146)
	at hudson.tasks.junit.JUnitParser$ParseResultCallable.invoke(JUnitParser.java:118)
	at hudson.FilePath.act(FilePath.java:1078)
	at hudson.FilePath.act(FilePath.java:1061)
	at hudson.tasks.junit.JUnitParser.parseResult(JUnitParser.java:114)
	at hudson.tasks.junit.JUnitResultArchiver.parse(JUnitResultArchiver.java:137)
	at hudson.tasks.junit.JUnitResultArchiver.parseAndAttach(JUnitResultArchiver.java:167)
	at hudson.tasks.junit.JUnitResultArchiver.perform(JUnitResultArchiver.java:154)
	at hudson.tasks.BuildStepCompatibilityLayer.perform(BuildStepCompatibilityLayer.java:79)
	at hudson.tasks.BuildStepMonitor$1.perform(BuildStepMonitor.java:20)
	at hudson.model.AbstractBuild$AbstractBuildExecution.perform(AbstractBuild.java:741)
	at hudson.model.AbstractBuild$AbstractBuildExecution.performAllBuildSteps(AbstractBuild.java:690)
	at hudson.model.Build$BuildExecution.post2(Build.java:186)
	at hudson.model.AbstractBuild$AbstractBuildExecution.post(AbstractBuild.java:635)
	at hudson.model.Run.execute(Run.java:1840)
	at hudson.model.FreeStyleBuild.run(FreeStyleBuild.java:43)
	at hudson.model.ResourceController.execute(ResourceController.java:97)
	at hudson.model.Executor.run(Executor.java:429)
Caused: java.io.IOException: Failed to read D:\autotest\jenkins\workspace\Hard\file.txt
Is this really a JUnit report file? Your configuration must be matching too many files
	at hudson.tasks.junit.TestResult.parse(TestResult.java:356)
	at hudson.tasks.junit.TestResult.parsePossiblyEmpty(TestResult.java:281)
	at hudson.tasks.junit.TestResult.parse(TestResult.java:206)
	at hudson.tasks.junit.TestResult.parse(TestResult.java:178)
	at hudson.tasks.junit.TestResult.<init>(TestResult.java:143)
	at hudson.tasks.junit.JUnitParser$ParseResultCallable.invoke(JUnitParser.java:146)
	at hudson.tasks.junit.JUnitParser$ParseResultCallable.invoke(JUnitParser.java:118)
	at hudson.FilePath.act(FilePath.java:1078)
	at hudson.FilePath.act(FilePath.java:1061)
	at hudson.tasks.junit.JUnitParser.parseResult(JUnitParser.java:114)
	at hudson.tasks.junit.JUnitResultArchiver.parse(JUnitResultArchiver.java:137)
	at hudson.tasks.junit.JUnitResultArchiver.parseAndAttach(JUnitResultArchiver.java:167)
	at hudson.tasks.junit.JUnitResultArchiver.perform(JUnitResultArchiver.java:154)
	at hudson.tasks.BuildStepCompatibilityLayer.perform(BuildStepCompatibilityLayer.java:79)
	at hudson.tasks.BuildStepMonitor$1.perform(BuildStepMonitor.java:20)
	at hudson.model.AbstractBuild$AbstractBuildExecution.perform(AbstractBuild.java:741)
	at hudson.model.AbstractBuild$AbstractBuildExecution.performAllBuildSteps(AbstractBuild.java:690)
	at hudson.model.Build$BuildExecution.post2(Build.java:186)
	at hudson.model.AbstractBuild$AbstractBuildExecution.post(AbstractBuild.java:635)
	at hudson.model.Run.execute(Run.java:1840)
	at hudson.model.FreeStyleBuild.run(FreeStyleBuild.java:43)
	at hudson.model.ResourceController.execute(ResourceController.java:97)
	at hudson.model.Executor.run(Executor.java:429)
Finished: FAILURE
